//ХХХ
findpornface.com
noodlemagazine.com
island-of-pleasure.site
f95zone.com
f95zone.to
attachments.f95zone.to
xhamster.com
xhamsterlive.com
xhcdn.com
xnxx-cdn.com
xnxx-ru.com
xnxx.com
xv-ru.com
chaturbate.com
xvideos-cdn.com
xvideos.com
www.pornmd.com
servefilesonly.com
noodlemagazine.com
pvvstream.pro
digitaloceanspaces.com
img.doppiocdn.com
lcdn.tsyndicate.com
xhcdn.com
xhamster.com
phncdn.com
pornhub.com
pornapes.com
newpornsearch.com
noodlemagazine.com
www.yalenkino.club
xdegu.com
xhamster1.desi
milffox.com
anysex.com
trashreality.com
biqle.ru
www.wankoz.com
www.definebabe.com
xdegu.com
www.ifuckedyourgf.com
rt.xgroovy.com





